[danger region] reg=%fd10 cycles=1826-2123
[danger region] reg=%fd11 cycles=1827-2123
[danger region] reg=%fd12 cycles=1828-2123
[danger region] reg=%fd13 cycles=2119-2167
[danger region] reg=%fd14 cycles=2120-2167
[danger region] reg=%fd15 cycles=2121-2167
[danger region] reg=%fd16 cycles=2149-2197
[danger region] reg=%fd17 cycles=2150-2197
[danger region] reg=%fd18 cycles=2151-2197
[danger region] reg=%fd19 cycles=2176-2224
[danger region] reg=%fd20 cycles=2177-2224
[danger region] reg=%fd21 cycles=2178-2224
[danger region] reg=%fd22 cycles=2203-2251
[danger region] reg=%fd23 cycles=2204-2251
[danger region] reg=%fd24 cycles=2205-2251
[danger region] reg=%fd25 cycles=2230-2278
[danger region] reg=%fd26 cycles=2231-2278
[danger region] reg=%fd27 cycles=2232-2278
[danger region] reg=%fd28 cycles=2257-2595
[danger region] reg=%fd29 cycles=2548-2595
[danger region] reg=%fd30 cycles=2549-2595
[danger region] reg=%fd31 cycles=2576-2625
[danger region] reg=%fd32 cycles=2577-2625
[danger region] reg=%fd33 cycles=2578-2625
[danger region] reg=%fd34 cycles=2603-2652
[danger region] reg=%fd35 cycles=2604-2652
[danger region] reg=%fd36 cycles=2605-2652
[danger region] reg=%fd37 cycles=2630-2679
[danger region] reg=%fd38 cycles=2631-2679
[danger region] reg=%fd39 cycles=2632-2679
[danger region] reg=%fd40 cycles=2657-2706
[danger region] reg=%fd41 cycles=2658-2706
[danger region] reg=%fd42 cycles=2659-2706
[danger region] reg=%fd43 cycles=2684-3015
[danger region] reg=%fd44 cycles=2685-3015
[danger region] reg=%fd45 cycles=2976-3015
[danger region] reg=%fd46 cycles=3001-3049
[danger region] reg=%fd47 cycles=3002-3049
[danger region] reg=%fd48 cycles=3003-3049
[danger region] reg=%fd49 cycles=3028-3076
[danger region] reg=%fd50 cycles=3029-3076
[danger region] reg=%fd51 cycles=3030-3076
[danger region] reg=%fd52 cycles=3055-3103
[danger region] reg=%fd53 cycles=3056-3103
[danger region] reg=%fd54 cycles=3057-3103
[danger region] reg=%fd56 cycles=987-1845,3082-3474
[danger region] reg=%fd6 cycles=1306-1561
[danger region] reg=%fd7 cycles=1533-1796
[danger region] reg=%fd8 cycles=1797-1845
[danger region] reg=%fd9 cycles=1798-1845
[danger region] reg=%p1 cycles=635-646,656-668
[danger region] reg=%p2 cycles=3114-3126
[danger region] reg=%r15 cycles=295-943
[danger region] reg=%r16 cycles=296-3445
[danger region] reg=%r17 cycles=297-3425
[danger region] reg=%r18 cycles=602-616,623-638
[danger region] reg=%r19 cycles=617-631,638-653
[danger region] reg=%r2 cycles=626-3120
[danger region] reg=%r20 cycles=643-965
[danger region] reg=%r21 cycles=934-965
[danger region] reg=%r22 cycles=940-974
[danger region] reg=%r23 cycles=941-954
[danger region] reg=%r24 cycles=948-984
[danger region] reg=%r25 cycles=960-984
[danger region] reg=%r26 cycles=967-983
[danger region] reg=%r27 cycles=979-994
[danger region] reg=%r28 cycles=1279-1291
[danger region] reg=%r29 cycles=1506-1571
[danger region] reg=%r3 cycles=627-3425
[danger region] reg=%r31 cycles=3411-3418
[danger region] reg=%r32 cycles=3416-3425
[danger region] reg=%r33 cycles=3422-3436
[danger region] reg=%r34 cycles=3423-3436
[danger region] reg=%r35 cycles=3432-3445
[danger region] reg=%r36 cycles=3433-3445
[danger region] reg=%r37 cycles=3441-3456
[danger region] reg=%r38 cycles=986-3107
[danger region] reg=%r39 cycles=611-3120
[danger region] reg=%r4 cycles=939-1281
[danger region] reg=%r5 cycles=958-1561
[danger region] reg=%r6 cycles=959-1562
[danger region] reg=%r7 cycles=977-1796
[danger region] reg=%r8 cycles=947-3078
[danger region] reg=%r9 cycles=978-3077
[danger region] reg=%rd1 cycles=642-1580
[danger region] reg=%rd10 cycles=3442-3465
[danger region] reg=%rd11 cycles=3451-3465
[danger region] reg=%rd12 cycles=3460-3474
[danger region] reg=%rd2 cycles=292-3446
[danger region] reg=%rd3 cycles=293-996
[danger region] reg=%rd4 cycles=294-669
[danger region] reg=%rd5 cycles=988-1300
[danger region] reg=%rd6 cycles=1288-1300
[danger region] reg=%rd7 cycles=1297-1309
[danger region] reg=%rd8 cycles=1515-1580
[danger region] reg=%rd9 cycles=1524-1589
